Mon, 12 Sep 2016 20:36:39 INFO     Starting the PartitionManagementTemplating Tool
Mon, 12 Sep 2016 20:36:45 DEBUG    hmc_ip: 9.152.151.49 hmc_user pedebug hmc_password password
Mon, 12 Sep 2016 20:36:47 DEBUG    Printing the session details... /n<utils.wsautils.Session instance at 0x7f8f56a3f9e0>
Mon, 12 Sep 2016 20:36:52 DEBUG    Printing the cpcs... /n[{u'status': u'service-required', u'object-uri': u'/api/cpcs/3baea1ec-76e8-3e42-a111-815a7aee19e0', u'name': u'P000S67B'}]
Mon, 12 Sep 2016 20:36:52 INFO     option_choser method invoked
Mon, 12 Sep 2016 20:36:55 INFO     option_choser method invoked
Mon, 12 Sep 2016 20:36:55 DEBUG    chosen option: 1
Mon, 12 Sep 2016 20:36:55 DEBUG    chosen option: 1
Mon, 12 Sep 2016 20:36:55 DEBUG    
****************************************************************************************************
CPC P000S67B is selected
****************************************************************************************************
Mon, 12 Sep 2016 20:36:55 INFO     option_choser method invoked
Mon, 12 Sep 2016 20:36:59 INFO     option_choser method invoked
Mon, 12 Sep 2016 20:36:59 DEBUG    chosen option: 4
Mon, 12 Sep 2016 20:36:59 DEBUG    chosen option: 4
Mon, 12 Sep 2016 20:36:59 INFO     ->importPartition
Mon, 12 Sep 2016 20:36:59 DEBUG    template_name /home/preethi/edrive/shristi-hackathon/Partition_TemplateEngine/src/templates/base_P000S67B/base_template.json
Mon, 12 Sep 2016 20:36:59 INFO     ==>>################# createTemplatePartition invoked#################
Mon, 12 Sep 2016 20:36:59 DEBUG    Template file name: /home/preethi/edrive/shristi-hackathon/Partition_TemplateEngine/src/templates/base_P000S67B/base_template.json
Mon, 12 Sep 2016 20:36:59 DEBUG    cpc uri: /api/cpcs/3baea1ec-76e8-3e42-a111-815a7aee19e0
Mon, 12 Sep 2016 20:36:59 DEBUG    Partition unique name: None
Mon, 12 Sep 2016 20:37:04 DEBUG    Respose from partitions Post requestRequest Operation : POST
Request URI       : /api/cpcs/3baea1ec-76e8-3e42-a111-815a7aee19e0/partitions
Request Headers   : {
 "Accept":"*/*",
 "content-length":112,
 "content-type":"application/json",
 "x-api-session":"5qmn8wqqhmrvejdfhcnl0vnnw7w09wkncywkor3rfgd5w98bpp"
}
Request Body      : {
 "cp-processors":1,
 "initial-memory":4096,
 "maximum-memory":4096,
 "name":"test",
 "processor-mode":"shared"
}

Response Status  : 201
Response Reason  : Created
Response Headers : {
 "cache-control":"no-cache",
 "content-length":"69",
 "content-type":"application/json;charset=UTF-8",
 "date":"Mon, 12 Sep 2016 15:16:46 GMT",
 "location":"/api/partitions/722cce82-78fa-11e6-971c-42f2e9ef1641",
 "server":"zSeries management console API web server / 2.0",
 "x-request-id":"Sx39c823f2-78b9-11e6-8277-5ef3fcb27748.7 Rx2",
 "x-wsa-provider-duration-ms":"580"
}
Response Body    : {
 "object-uri":"/api/partitions/722cce82-78fa-11e6-971c-42f2e9ef1641"
}
Mon, 12 Sep 2016 20:37:04 DEBUG    Partition URI from newly created partition/api/partitions/722cce82-78fa-11e6-971c-42f2e9ef1641
Mon, 12 Sep 2016 20:37:16 DEBUG    Removed unwanted attributes
Mon, 12 Sep 2016 20:37:21 DEBUG    Response from Update Partition requestRequest Operation : POST
Request URI       : /api/partitions/722cce82-78fa-11e6-971c-42f2e9ef1641
Request Headers   : {
 "Accept":"*/*",
 "content-length":1291,
 "content-type":"application/json",
 "x-api-session":"5qmn8wqqhmrvejdfhcnl0vnnw7w09wkncywkor3rfgd5w98bpp"
}
Request Body      : {
 "acceptable-status":[
  "active"
 ],
 "access-basic-counter-set":false,
 "access-basic-sampling":false,
 "access-coprocessor-group-set":false,
 "access-crypto-activity-counter-set":false,
 "access-diagnostic-sampling":false,
 "access-extended-counter-set":false,
 "access-global-performance-data":false,
 "access-problem-state-counter-set":false,
 "boot-configuration-selector":0,
 "boot-device":"test-operating-system",
 "boot-os-specific-parameters":"",
 "boot-record-lba":"0",
 "boot-timeout":60,
 "cp-absolute-processor-capping":false,
 "cp-absolute-processor-capping-value":1.0,
 "cp-processing-weight-capped":false,
 "cp-processors":1,
 "description":"",
 "ifl-absolute-processor-capping":false,
 "ifl-absolute-processor-capping-value":1.0,
 "ifl-processing-weight-capped":false,
 "ifl-processors":0,
 "initial-cp-processing-weight":100,
 "initial-ifl-processing-weight":100,
 "initial-memory":4096,
 "maximum-cp-processing-weight":999,
 "maximum-ifl-processing-weight":999,
 "maximum-memory":4096,
 "minimum-cp-processing-weight":1,
 "minimum-ifl-processing-weight":1,
 "permit-aes-key-import-functions":true,
 "permit-cross-partition-commands":false,
 "permit-des-key-import-functions":true,
 "processor-management-enabled":false,
 "processor-mode":"shared",
 "reserve-resources":false
}

Response Status  : 204
Response Reason  : No Content
Response Headers : {
 "cache-control":"no-cache",
 "date":"Mon, 12 Sep 2016 15:17:03 GMT",
 "server":"zSeries management console API web server / 2.0",
 "x-request-id":"Sx39c823f2-78b9-11e6-8277-5ef3fcb27748.7 Rx3",
 "x-wsa-provider-duration-ms":"355"
}
Response Body    : "{}"
Mon, 12 Sep 2016 20:37:25 DEBUG    Partition PropertiesRequest Operation : GET
Request URI       : /api/partitions/722cce82-78fa-11e6-971c-42f2e9ef1641
Request Headers   : {
 "Accept":"*/*",
 "x-api-session":"5qmn8wqqhmrvejdfhcnl0vnnw7w09wkncywkor3rfgd5w98bpp"
}
Request Body      : None

Response Status  : 200
Response Reason  : OK
Response Headers : {
 "cache-control":"no-cache",
 "content-length":"2122",
 "content-type":"application/json;charset=UTF-8",
 "date":"Mon, 12 Sep 2016 15:17:07 GMT",
 "server":"zSeries management console API web server / 2.0",
 "x-request-id":"Sx39c823f2-78b9-11e6-8277-5ef3fcb27748.7 Rx4",
 "x-wsa-provider-duration-ms":"719"
}
Response Body    : {
 "acceptable-status":[
  "active"
 ],
 "access-basic-counter-set":false,
 "access-basic-sampling":false,
 "access-coprocessor-group-set":false,
 "access-crypto-activity-counter-set":false,
 "access-diagnostic-sampling":false,
 "access-extended-counter-set":false,
 "access-global-performance-data":false,
 "access-problem-state-counter-set":false,
 "auto-start":false,
 "autogenerate-partition-id":true,
 "boot-configuration-selector":0,
 "boot-device":"test-operating-system",
 "boot-ftp-host":null,
 "boot-ftp-insfile":null,
 "boot-ftp-username":null,
 "boot-iso-image-name":null,
 "boot-iso-ins-file":null,
 "boot-logical-unit-number":"",
 "boot-network-device":null,
 "boot-os-specific-parameters":"",
 "boot-record-lba":"0",
 "boot-removable-media":null,
 "boot-removable-media-type":null,
 "boot-storage-device":null,
 "boot-timeout":60,
 "boot-world-wide-port-name":"",
 "class":"partition",
 "cp-absolute-processor-capping":false,
 "cp-absolute-processor-capping-value":1.0,
 "cp-processing-weight-capped":false,
 "cp-processors":1,
 "crypto-configuration":null,
 "current-cp-processing-weight":1,
 "current-ifl-processing-weight":1,
 "degraded-adapters":[],
 "description":"",
 "has-unacceptable-status":true,
 "hba-uris":[],
 "ifl-absolute-processor-capping":false,
 "ifl-absolute-processor-capping-value":1.0,
 "ifl-processing-weight-capped":false,
 "ifl-processors":0,
 "initial-cp-processing-weight":100,
 "initial-ifl-processing-weight":100,
 "initial-memory":4096,
 "is-locked":false,
 "maximum-cp-processing-weight":999,
 "maximum-ifl-processing-weight":999,
 "maximum-memory":4096,
 "minimum-cp-processing-weight":1,
 "minimum-ifl-processing-weight":1,
 "name":"test",
 "nic-uris":[],
 "object-id":"722cce82-78fa-11e6-971c-42f2e9ef1641",
 "object-uri":"/api/partitions/722cce82-78fa-11e6-971c-42f2e9ef1641",
 "os-name":"",
 "os-type":"",
 "os-version":"",
 "parent":"/api/cpcs/3baea1ec-76e8-3e42-a111-815a7aee19e0",
 "partition-id":null,
 "permit-aes-key-import-functions":true,
 "permit-cross-partition-commands":false,
 "permit-des-key-import-functions":true,
 "processor-management-enabled":false,
 "processor-mode":"shared",
 "reserve-resources":false,
 "reserved-memory":0,
 "short-name":"TEST",
 "status":"stopped",
 "virtual-function-uris":[]
}
Mon, 12 Sep 2016 20:37:25 INFO     <<=########## createTemplatePartition invoked#########
Mon, 12 Sep 2016 20:37:25 INFO     <-importPartition
Mon, 12 Sep 2016 20:37:25 DEBUG    
****************************************************************************************************
Successfully Completed
****************************************************************************************************
