Tue, 13 Sep 2016 12:25:44 INFO     Starting the PartitionManagementTemplating Tool
Tue, 13 Sep 2016 12:25:48 DEBUG    hmc_ip: 9.152.151.49 hmc_user pedebug hmc_password password
Tue, 13 Sep 2016 12:25:52 DEBUG    Printing the session details... /n<utils.wsautils.Session instance at 0x7f011b2d79e0>
Tue, 13 Sep 2016 12:25:58 DEBUG    Printing the cpcs... /n[{u'status': u'service-required', u'object-uri': u'/api/cpcs/3baea1ec-76e8-3e42-a111-815a7aee19e0', u'name': u'P000S67B'}]
Tue, 13 Sep 2016 12:25:58 INFO     option_choser method invoked
Tue, 13 Sep 2016 12:25:59 INFO     option_choser method invoked
Tue, 13 Sep 2016 12:25:59 DEBUG    chosen option: 1
Tue, 13 Sep 2016 12:25:59 DEBUG    chosen option: 1
Tue, 13 Sep 2016 12:25:59 DEBUG    
****************************************************************************************************
CPC P000S67B is selected
****************************************************************************************************
Tue, 13 Sep 2016 12:25:59 INFO     option_choser method invoked
Tue, 13 Sep 2016 12:26:01 INFO     option_choser method invoked
Tue, 13 Sep 2016 12:26:01 DEBUG    chosen option: 1
Tue, 13 Sep 2016 12:26:01 DEBUG    chosen option: 1
Tue, 13 Sep 2016 12:26:01 INFO     ->createPartitionFromTemplate
Tue, 13 Sep 2016 12:26:01 DEBUG    /home/preethi/edrive/shristi-hackathon/Partition_TemplateEngine/src/templates/cpc_P000S67B
Tue, 13 Sep 2016 12:26:01 DEBUG    template_files [u'test_template.json', u'HariTest1_template.json']
Tue, 13 Sep 2016 12:26:01 INFO     option_choser method invoked
Tue, 13 Sep 2016 12:26:11 INFO     option_choser method invoked
Tue, 13 Sep 2016 12:26:11 DEBUG    chosen option: 1
Tue, 13 Sep 2016 12:26:11 DEBUG    chosen option: 1
Tue, 13 Sep 2016 12:26:11 DEBUG    Selected Template...test_template.json
Tue, 13 Sep 2016 12:26:11 INFO     option_choser method invoked
Tue, 13 Sep 2016 12:26:14 INFO     option_choser method invoked
Tue, 13 Sep 2016 12:26:14 DEBUG    chosen option: 3
Tue, 13 Sep 2016 12:26:14 DEBUG    chosen option: 3
Tue, 13 Sep 2016 12:26:14 DEBUG    no_of_partitions3
Tue, 13 Sep 2016 12:26:14 DEBUG    template_name /home/preethi/edrive/shristi-hackathon/Partition_TemplateEngine/src/templates/cpc_P000S67B/test_template.json
Tue, 13 Sep 2016 12:26:14 INFO     -> createPartitionIteratively for the templatename /home/preethi/edrive/shristi-hackathon/Partition_TemplateEngine/src/templates/cpc_P000S67B/test_template.json number of Partitions: 3 CPC URI: /api/cpcs/3baea1ec-76e8-3e42-a111-815a7aee19e0
Tue, 13 Sep 2016 12:26:14 DEBUG    
****************************************************************************************************
Creating Partition 1
****************************************************************************************************
Tue, 13 Sep 2016 12:26:14 INFO     ==>>################# createTemplatePartition invoked#################
Tue, 13 Sep 2016 12:26:14 DEBUG    Template file name: /home/preethi/edrive/shristi-hackathon/Partition_TemplateEngine/src/templates/cpc_P000S67B/test_template.json
Tue, 13 Sep 2016 12:26:14 DEBUG    cpc uri: /api/cpcs/3baea1ec-76e8-3e42-a111-815a7aee19e0
Tue, 13 Sep 2016 12:26:14 DEBUG    Partition unique name: 902R
Tue, 13 Sep 2016 12:26:19 DEBUG    Respose from partitions Post requestRequest Operation : POST
Request URI       : /api/cpcs/3baea1ec-76e8-3e42-a111-815a7aee19e0/partitions
Request Headers   : {
 "Accept":"*/*",
 "content-length":117,
 "content-type":"application/json",
 "x-api-session":"fbhsq2kkrbnz8wcp9msib4xx2sxd90lf1ehlkldtsvsk3tg3f"
}
Request Body      : {
 "cp-processors":1,
 "initial-memory":4096,
 "maximum-memory":4096,
 "name":"test_902R",
 "processor-mode":"shared"
}

Response Status  : 201
Response Reason  : Created
Response Headers : {
 "cache-control":"no-cache",
 "content-length":"69",
 "content-type":"application/json;charset=UTF-8",
 "date":"Tue, 13 Sep 2016 07:06:03 GMT",
 "location":"/api/partitions/0e3e1c34-797f-11e6-b189-42f2e9ef1641",
 "server":"zSeries management console API web server / 2.0",
 "x-request-id":"Sx39c823f2-78b9-11e6-8277-5ef3fcb27748.10 Rx2",
 "x-wsa-provider-duration-ms":"571"
}
Response Body    : {
 "object-uri":"/api/partitions/0e3e1c34-797f-11e6-b189-42f2e9ef1641"
}
Tue, 13 Sep 2016 12:26:19 DEBUG    Partition URI from newly created partition/api/partitions/0e3e1c34-797f-11e6-b189-42f2e9ef1641
Tue, 13 Sep 2016 12:26:31 DEBUG    Removed unwanted attributes
Tue, 13 Sep 2016 12:26:36 DEBUG    Response from Update Partition requestRequest Operation : POST
Request URI       : /api/partitions/0e3e1c34-797f-11e6-b189-42f2e9ef1641
Request Headers   : {
 "Accept":"*/*",
 "content-length":1291,
 "content-type":"application/json",
 "x-api-session":"fbhsq2kkrbnz8wcp9msib4xx2sxd90lf1ehlkldtsvsk3tg3f"
}
Request Body      : {
 "acceptable-status":[
  "active"
 ],
 "access-basic-counter-set":false,
 "access-basic-sampling":false,
 "access-coprocessor-group-set":false,
 "access-crypto-activity-counter-set":false,
 "access-diagnostic-sampling":false,
 "access-extended-counter-set":false,
 "access-global-performance-data":false,
 "access-problem-state-counter-set":false,
 "boot-configuration-selector":0,
 "boot-device":"test-operating-system",
 "boot-os-specific-parameters":"",
 "boot-record-lba":"0",
 "boot-timeout":60,
 "cp-absolute-processor-capping":false,
 "cp-absolute-processor-capping-value":1.0,
 "cp-processing-weight-capped":false,
 "cp-processors":1,
 "description":"",
 "ifl-absolute-processor-capping":false,
 "ifl-absolute-processor-capping-value":1.0,
 "ifl-processing-weight-capped":false,
 "ifl-processors":0,
 "initial-cp-processing-weight":100,
 "initial-ifl-processing-weight":100,
 "initial-memory":4096,
 "maximum-cp-processing-weight":999,
 "maximum-ifl-processing-weight":999,
 "maximum-memory":4096,
 "minimum-cp-processing-weight":1,
 "minimum-ifl-processing-weight":1,
 "permit-aes-key-import-functions":true,
 "permit-cross-partition-commands":false,
 "permit-des-key-import-functions":true,
 "processor-management-enabled":false,
 "processor-mode":"shared",
 "reserve-resources":false
}

Response Status  : 204
Response Reason  : No Content
Response Headers : {
 "cache-control":"no-cache",
 "date":"Tue, 13 Sep 2016 07:06:19 GMT",
 "server":"zSeries management console API web server / 2.0",
 "x-request-id":"Sx39c823f2-78b9-11e6-8277-5ef3fcb27748.10 Rx3",
 "x-wsa-provider-duration-ms":"295"
}
Response Body    : "{}"
Tue, 13 Sep 2016 12:26:42 DEBUG    Partition PropertiesRequest Operation : GET
Request URI       : /api/partitions/0e3e1c34-797f-11e6-b189-42f2e9ef1641
Request Headers   : {
 "Accept":"*/*",
 "x-api-session":"fbhsq2kkrbnz8wcp9msib4xx2sxd90lf1ehlkldtsvsk3tg3f"
}
Request Body      : None

Response Status  : 200
Response Reason  : OK
Response Headers : {
 "cache-control":"no-cache",
 "content-length":"2131",
 "content-type":"application/json;charset=UTF-8",
 "date":"Tue, 13 Sep 2016 07:06:25 GMT",
 "server":"zSeries management console API web server / 2.0",
 "x-request-id":"Sx39c823f2-78b9-11e6-8277-5ef3fcb27748.10 Rx4",
 "x-wsa-provider-duration-ms":"730"
}
Response Body    : {
 "acceptable-status":[
  "active"
 ],
 "access-basic-counter-set":false,
 "access-basic-sampling":false,
 "access-coprocessor-group-set":false,
 "access-crypto-activity-counter-set":false,
 "access-diagnostic-sampling":false,
 "access-extended-counter-set":false,
 "access-global-performance-data":false,
 "access-problem-state-counter-set":false,
 "auto-start":false,
 "autogenerate-partition-id":true,
 "boot-configuration-selector":0,
 "boot-device":"test-operating-system",
 "boot-ftp-host":null,
 "boot-ftp-insfile":null,
 "boot-ftp-username":null,
 "boot-iso-image-name":null,
 "boot-iso-ins-file":null,
 "boot-logical-unit-number":"",
 "boot-network-device":null,
 "boot-os-specific-parameters":"",
 "boot-record-lba":"0",
 "boot-removable-media":null,
 "boot-removable-media-type":null,
 "boot-storage-device":null,
 "boot-timeout":60,
 "boot-world-wide-port-name":"",
 "class":"partition",
 "cp-absolute-processor-capping":false,
 "cp-absolute-processor-capping-value":1.0,
 "cp-processing-weight-capped":false,
 "cp-processors":1,
 "crypto-configuration":null,
 "current-cp-processing-weight":1,
 "current-ifl-processing-weight":1,
 "degraded-adapters":[],
 "description":"",
 "has-unacceptable-status":true,
 "hba-uris":[],
 "ifl-absolute-processor-capping":false,
 "ifl-absolute-processor-capping-value":1.0,
 "ifl-processing-weight-capped":false,
 "ifl-processors":0,
 "initial-cp-processing-weight":100,
 "initial-ifl-processing-weight":100,
 "initial-memory":4096,
 "is-locked":false,
 "maximum-cp-processing-weight":999,
 "maximum-ifl-processing-weight":999,
 "maximum-memory":4096,
 "minimum-cp-processing-weight":1,
 "minimum-ifl-processing-weight":1,
 "name":"test_902R",
 "nic-uris":[],
 "object-id":"0e3e1c34-797f-11e6-b189-42f2e9ef1641",
 "object-uri":"/api/partitions/0e3e1c34-797f-11e6-b189-42f2e9ef1641",
 "os-name":"",
 "os-type":"",
 "os-version":"",
 "parent":"/api/cpcs/3baea1ec-76e8-3e42-a111-815a7aee19e0",
 "partition-id":null,
 "permit-aes-key-import-functions":true,
 "permit-cross-partition-commands":false,
 "permit-des-key-import-functions":true,
 "processor-management-enabled":false,
 "processor-mode":"shared",
 "reserve-resources":false,
 "reserved-memory":0,
 "short-name":"TEST902R",
 "status":"stopped",
 "virtual-function-uris":[]
}
Tue, 13 Sep 2016 12:26:42 INFO     <<=########## createTemplatePartition invoked#########
Tue, 13 Sep 2016 12:26:42 DEBUG    
****************************************************************************************************
Creating Partition 2
****************************************************************************************************
Tue, 13 Sep 2016 12:26:42 INFO     ==>>################# createTemplatePartition invoked#################
Tue, 13 Sep 2016 12:26:42 DEBUG    Template file name: /home/preethi/edrive/shristi-hackathon/Partition_TemplateEngine/src/templates/cpc_P000S67B/test_template.json
Tue, 13 Sep 2016 12:26:42 DEBUG    cpc uri: /api/cpcs/3baea1ec-76e8-3e42-a111-815a7aee19e0
Tue, 13 Sep 2016 12:26:42 DEBUG    Partition unique name: A0WM
Tue, 13 Sep 2016 12:26:47 DEBUG    Respose from partitions Post requestRequest Operation : POST
Request URI       : /api/cpcs/3baea1ec-76e8-3e42-a111-815a7aee19e0/partitions
Request Headers   : {
 "Accept":"*/*",
 "content-length":117,
 "content-type":"application/json",
 "x-api-session":"fbhsq2kkrbnz8wcp9msib4xx2sxd90lf1ehlkldtsvsk3tg3f"
}
Request Body      : {
 "cp-processors":1,
 "initial-memory":4096,
 "maximum-memory":4096,
 "name":"test_A0WM",
 "processor-mode":"shared"
}

Response Status  : 201
Response Reason  : Created
Response Headers : {
 "cache-control":"no-cache",
 "content-length":"69",
 "content-type":"application/json;charset=UTF-8",
 "date":"Tue, 13 Sep 2016 07:06:30 GMT",
 "location":"/api/partitions/1eb7e11c-797f-11e6-b189-42f2e9ef1641",
 "server":"zSeries management console API web server / 2.0",
 "x-request-id":"Sx39c823f2-78b9-11e6-8277-5ef3fcb27748.10 Rx5",
 "x-wsa-provider-duration-ms":"544"
}
Response Body    : {
 "object-uri":"/api/partitions/1eb7e11c-797f-11e6-b189-42f2e9ef1641"
}
Tue, 13 Sep 2016 12:26:47 DEBUG    Partition URI from newly created partition/api/partitions/1eb7e11c-797f-11e6-b189-42f2e9ef1641
Tue, 13 Sep 2016 12:26:59 DEBUG    Removed unwanted attributes
Tue, 13 Sep 2016 12:27:04 DEBUG    Response from Update Partition requestRequest Operation : POST
Request URI       : /api/partitions/1eb7e11c-797f-11e6-b189-42f2e9ef1641
Request Headers   : {
 "Accept":"*/*",
 "content-length":1291,
 "content-type":"application/json",
 "x-api-session":"fbhsq2kkrbnz8wcp9msib4xx2sxd90lf1ehlkldtsvsk3tg3f"
}
Request Body      : {
 "acceptable-status":[
  "active"
 ],
 "access-basic-counter-set":false,
 "access-basic-sampling":false,
 "access-coprocessor-group-set":false,
 "access-crypto-activity-counter-set":false,
 "access-diagnostic-sampling":false,
 "access-extended-counter-set":false,
 "access-global-performance-data":false,
 "access-problem-state-counter-set":false,
 "boot-configuration-selector":0,
 "boot-device":"test-operating-system",
 "boot-os-specific-parameters":"",
 "boot-record-lba":"0",
 "boot-timeout":60,
 "cp-absolute-processor-capping":false,
 "cp-absolute-processor-capping-value":1.0,
 "cp-processing-weight-capped":false,
 "cp-processors":1,
 "description":"",
 "ifl-absolute-processor-capping":false,
 "ifl-absolute-processor-capping-value":1.0,
 "ifl-processing-weight-capped":false,
 "ifl-processors":0,
 "initial-cp-processing-weight":100,
 "initial-ifl-processing-weight":100,
 "initial-memory":4096,
 "maximum-cp-processing-weight":999,
 "maximum-ifl-processing-weight":999,
 "maximum-memory":4096,
 "minimum-cp-processing-weight":1,
 "minimum-ifl-processing-weight":1,
 "permit-aes-key-import-functions":true,
 "permit-cross-partition-commands":false,
 "permit-des-key-import-functions":true,
 "processor-management-enabled":false,
 "processor-mode":"shared",
 "reserve-resources":false
}

Response Status  : 204
Response Reason  : No Content
Response Headers : {
 "cache-control":"no-cache",
 "date":"Tue, 13 Sep 2016 07:06:47 GMT",
 "server":"zSeries management console API web server / 2.0",
 "x-request-id":"Sx39c823f2-78b9-11e6-8277-5ef3fcb27748.10 Rx6",
 "x-wsa-provider-duration-ms":"300"
}
Response Body    : "{}"
Tue, 13 Sep 2016 12:27:10 DEBUG    Partition PropertiesRequest Operation : GET
Request URI       : /api/partitions/1eb7e11c-797f-11e6-b189-42f2e9ef1641
Request Headers   : {
 "Accept":"*/*",
 "x-api-session":"fbhsq2kkrbnz8wcp9msib4xx2sxd90lf1ehlkldtsvsk3tg3f"
}
Request Body      : None

Response Status  : 200
Response Reason  : OK
Response Headers : {
 "cache-control":"no-cache",
 "content-length":"2131",
 "content-type":"application/json;charset=UTF-8",
 "date":"Tue, 13 Sep 2016 07:06:53 GMT",
 "server":"zSeries management console API web server / 2.0",
 "x-request-id":"Sx39c823f2-78b9-11e6-8277-5ef3fcb27748.10 Rx7",
 "x-wsa-provider-duration-ms":"722"
}
Response Body    : {
 "acceptable-status":[
  "active"
 ],
 "access-basic-counter-set":false,
 "access-basic-sampling":false,
 "access-coprocessor-group-set":false,
 "access-crypto-activity-counter-set":false,
 "access-diagnostic-sampling":false,
 "access-extended-counter-set":false,
 "access-global-performance-data":false,
 "access-problem-state-counter-set":false,
 "auto-start":false,
 "autogenerate-partition-id":true,
 "boot-configuration-selector":0,
 "boot-device":"test-operating-system",
 "boot-ftp-host":null,
 "boot-ftp-insfile":null,
 "boot-ftp-username":null,
 "boot-iso-image-name":null,
 "boot-iso-ins-file":null,
 "boot-logical-unit-number":"",
 "boot-network-device":null,
 "boot-os-specific-parameters":"",
 "boot-record-lba":"0",
 "boot-removable-media":null,
 "boot-removable-media-type":null,
 "boot-storage-device":null,
 "boot-timeout":60,
 "boot-world-wide-port-name":"",
 "class":"partition",
 "cp-absolute-processor-capping":false,
 "cp-absolute-processor-capping-value":1.0,
 "cp-processing-weight-capped":false,
 "cp-processors":1,
 "crypto-configuration":null,
 "current-cp-processing-weight":1,
 "current-ifl-processing-weight":1,
 "degraded-adapters":[],
 "description":"",
 "has-unacceptable-status":true,
 "hba-uris":[],
 "ifl-absolute-processor-capping":false,
 "ifl-absolute-processor-capping-value":1.0,
 "ifl-processing-weight-capped":false,
 "ifl-processors":0,
 "initial-cp-processing-weight":100,
 "initial-ifl-processing-weight":100,
 "initial-memory":4096,
 "is-locked":false,
 "maximum-cp-processing-weight":999,
 "maximum-ifl-processing-weight":999,
 "maximum-memory":4096,
 "minimum-cp-processing-weight":1,
 "minimum-ifl-processing-weight":1,
 "name":"test_A0WM",
 "nic-uris":[],
 "object-id":"1eb7e11c-797f-11e6-b189-42f2e9ef1641",
 "object-uri":"/api/partitions/1eb7e11c-797f-11e6-b189-42f2e9ef1641",
 "os-name":"",
 "os-type":"",
 "os-version":"",
 "parent":"/api/cpcs/3baea1ec-76e8-3e42-a111-815a7aee19e0",
 "partition-id":null,
 "permit-aes-key-import-functions":true,
 "permit-cross-partition-commands":false,
 "permit-des-key-import-functions":true,
 "processor-management-enabled":false,
 "processor-mode":"shared",
 "reserve-resources":false,
 "reserved-memory":0,
 "short-name":"TESTA0WM",
 "status":"stopped",
 "virtual-function-uris":[]
}
Tue, 13 Sep 2016 12:27:10 INFO     <<=########## createTemplatePartition invoked#########
Tue, 13 Sep 2016 12:27:10 DEBUG    
****************************************************************************************************
Creating Partition 3
****************************************************************************************************
Tue, 13 Sep 2016 12:27:10 INFO     ==>>################# createTemplatePartition invoked#################
Tue, 13 Sep 2016 12:27:10 DEBUG    Template file name: /home/preethi/edrive/shristi-hackathon/Partition_TemplateEngine/src/templates/cpc_P000S67B/test_template.json
Tue, 13 Sep 2016 12:27:10 DEBUG    cpc uri: /api/cpcs/3baea1ec-76e8-3e42-a111-815a7aee19e0
Tue, 13 Sep 2016 12:27:10 DEBUG    Partition unique name: 34L6
Tue, 13 Sep 2016 12:27:15 DEBUG    Respose from partitions Post requestRequest Operation : POST
Request URI       : /api/cpcs/3baea1ec-76e8-3e42-a111-815a7aee19e0/partitions
Request Headers   : {
 "Accept":"*/*",
 "content-length":117,
 "content-type":"application/json",
 "x-api-session":"fbhsq2kkrbnz8wcp9msib4xx2sxd90lf1ehlkldtsvsk3tg3f"
}
Request Body      : {
 "cp-processors":1,
 "initial-memory":4096,
 "maximum-memory":4096,
 "name":"test_34L6",
 "processor-mode":"shared"
}

Response Status  : 201
Response Reason  : Created
Response Headers : {
 "cache-control":"no-cache",
 "content-length":"69",
 "content-type":"application/json;charset=UTF-8",
 "date":"Tue, 13 Sep 2016 07:06:58 GMT",
 "location":"/api/partitions/2f6f2f38-797f-11e6-ae1c-42f2e9ef1641",
 "server":"zSeries management console API web server / 2.0",
 "x-request-id":"Sx39c823f2-78b9-11e6-8277-5ef3fcb27748.10 Rx8",
 "x-wsa-provider-duration-ms":"472"
}
Response Body    : {
 "object-uri":"/api/partitions/2f6f2f38-797f-11e6-ae1c-42f2e9ef1641"
}
Tue, 13 Sep 2016 12:27:15 DEBUG    Partition URI from newly created partition/api/partitions/2f6f2f38-797f-11e6-ae1c-42f2e9ef1641
Tue, 13 Sep 2016 12:27:27 DEBUG    Removed unwanted attributes
Tue, 13 Sep 2016 12:27:32 DEBUG    Response from Update Partition requestRequest Operation : POST
Request URI       : /api/partitions/2f6f2f38-797f-11e6-ae1c-42f2e9ef1641
Request Headers   : {
 "Accept":"*/*",
 "content-length":1291,
 "content-type":"application/json",
 "x-api-session":"fbhsq2kkrbnz8wcp9msib4xx2sxd90lf1ehlkldtsvsk3tg3f"
}
Request Body      : {
 "acceptable-status":[
  "active"
 ],
 "access-basic-counter-set":false,
 "access-basic-sampling":false,
 "access-coprocessor-group-set":false,
 "access-crypto-activity-counter-set":false,
 "access-diagnostic-sampling":false,
 "access-extended-counter-set":false,
 "access-global-performance-data":false,
 "access-problem-state-counter-set":false,
 "boot-configuration-selector":0,
 "boot-device":"test-operating-system",
 "boot-os-specific-parameters":"",
 "boot-record-lba":"0",
 "boot-timeout":60,
 "cp-absolute-processor-capping":false,
 "cp-absolute-processor-capping-value":1.0,
 "cp-processing-weight-capped":false,
 "cp-processors":1,
 "description":"",
 "ifl-absolute-processor-capping":false,
 "ifl-absolute-processor-capping-value":1.0,
 "ifl-processing-weight-capped":false,
 "ifl-processors":0,
 "initial-cp-processing-weight":100,
 "initial-ifl-processing-weight":100,
 "initial-memory":4096,
 "maximum-cp-processing-weight":999,
 "maximum-ifl-processing-weight":999,
 "maximum-memory":4096,
 "minimum-cp-processing-weight":1,
 "minimum-ifl-processing-weight":1,
 "permit-aes-key-import-functions":true,
 "permit-cross-partition-commands":false,
 "permit-des-key-import-functions":true,
 "processor-management-enabled":false,
 "processor-mode":"shared",
 "reserve-resources":false
}

Response Status  : 204
Response Reason  : No Content
Response Headers : {
 "cache-control":"no-cache",
 "date":"Tue, 13 Sep 2016 07:07:15 GMT",
 "server":"zSeries management console API web server / 2.0",
 "x-request-id":"Sx39c823f2-78b9-11e6-8277-5ef3fcb27748.10 Rx9",
 "x-wsa-provider-duration-ms":"295"
}
Response Body    : "{}"
Tue, 13 Sep 2016 12:27:38 DEBUG    Partition PropertiesRequest Operation : GET
Request URI       : /api/partitions/2f6f2f38-797f-11e6-ae1c-42f2e9ef1641
Request Headers   : {
 "Accept":"*/*",
 "x-api-session":"fbhsq2kkrbnz8wcp9msib4xx2sxd90lf1ehlkldtsvsk3tg3f"
}
Request Body      : None

Response Status  : 200
Response Reason  : OK
Response Headers : {
 "cache-control":"no-cache",
 "content-length":"2131",
 "content-type":"application/json;charset=UTF-8",
 "date":"Tue, 13 Sep 2016 07:07:21 GMT",
 "server":"zSeries management console API web server / 2.0",
 "x-request-id":"Sx39c823f2-78b9-11e6-8277-5ef3fcb27748.10 Rxa",
 "x-wsa-provider-duration-ms":"713"
}
Response Body    : {
 "acceptable-status":[
  "active"
 ],
 "access-basic-counter-set":false,
 "access-basic-sampling":false,
 "access-coprocessor-group-set":false,
 "access-crypto-activity-counter-set":false,
 "access-diagnostic-sampling":false,
 "access-extended-counter-set":false,
 "access-global-performance-data":false,
 "access-problem-state-counter-set":false,
 "auto-start":false,
 "autogenerate-partition-id":true,
 "boot-configuration-selector":0,
 "boot-device":"test-operating-system",
 "boot-ftp-host":null,
 "boot-ftp-insfile":null,
 "boot-ftp-username":null,
 "boot-iso-image-name":null,
 "boot-iso-ins-file":null,
 "boot-logical-unit-number":"",
 "boot-network-device":null,
 "boot-os-specific-parameters":"",
 "boot-record-lba":"0",
 "boot-removable-media":null,
 "boot-removable-media-type":null,
 "boot-storage-device":null,
 "boot-timeout":60,
 "boot-world-wide-port-name":"",
 "class":"partition",
 "cp-absolute-processor-capping":false,
 "cp-absolute-processor-capping-value":1.0,
 "cp-processing-weight-capped":false,
 "cp-processors":1,
 "crypto-configuration":null,
 "current-cp-processing-weight":1,
 "current-ifl-processing-weight":1,
 "degraded-adapters":[],
 "description":"",
 "has-unacceptable-status":true,
 "hba-uris":[],
 "ifl-absolute-processor-capping":false,
 "ifl-absolute-processor-capping-value":1.0,
 "ifl-processing-weight-capped":false,
 "ifl-processors":0,
 "initial-cp-processing-weight":100,
 "initial-ifl-processing-weight":100,
 "initial-memory":4096,
 "is-locked":false,
 "maximum-cp-processing-weight":999,
 "maximum-ifl-processing-weight":999,
 "maximum-memory":4096,
 "minimum-cp-processing-weight":1,
 "minimum-ifl-processing-weight":1,
 "name":"test_34L6",
 "nic-uris":[],
 "object-id":"2f6f2f38-797f-11e6-ae1c-42f2e9ef1641",
 "object-uri":"/api/partitions/2f6f2f38-797f-11e6-ae1c-42f2e9ef1641",
 "os-name":"",
 "os-type":"",
 "os-version":"",
 "parent":"/api/cpcs/3baea1ec-76e8-3e42-a111-815a7aee19e0",
 "partition-id":null,
 "permit-aes-key-import-functions":true,
 "permit-cross-partition-commands":false,
 "permit-des-key-import-functions":true,
 "processor-management-enabled":false,
 "processor-mode":"shared",
 "reserve-resources":false,
 "reserved-memory":0,
 "short-name":"TEST34L6",
 "status":"stopped",
 "virtual-function-uris":[]
}
Tue, 13 Sep 2016 12:27:38 INFO     <<=########## createTemplatePartition invoked#########
Tue, 13 Sep 2016 12:27:38 INFO     <- createPartitionIteratively
Tue, 13 Sep 2016 12:27:38 INFO     <-createPartitionFromTemplate
Tue, 13 Sep 2016 12:27:38 DEBUG    
****************************************************************************************************
Partition Created Successfully from template

****************************************************************************************************
Tue, 13 Sep 2016 12:27:38 DEBUG    
****************************************************************************************************
Process Completed
****************************************************************************************************
